Start testing: Mar 31 02:08 EET
----------------------------------------------------------
1/1 Testing: LibraryTests
1/1 Test: LibraryTests
Command: "/mnt/sdb1/programming/C++/projects/LibraryManagementSystem/build/LibraryTests"
Directory: /mnt/sdb1/programming/C++/projects/LibraryManagementSystem/build
"LibraryTests" start time: Mar 31 02:08 EET
Output:
----------------------------------------------------------
[==========] Running 3 tests from 1 test suite.
[----------] Global test environment set-up.
[----------] 3 tests from AddTest
[ RUN      ] AddTest.PositiveNumbers
[       OK ] AddTest.PositiveNumbers (0 ms)
[ RUN      ] AddTest.NegativeAndPositive
[       OK ] AddTest.NegativeAndPositive (0 ms)
[ RUN      ] AddTest.Zeros
[       OK ] AddTest.Zeros (0 ms)
[----------] 3 tests from AddTest (0 ms total)

[----------] Global test environment tear-down
[==========] 3 tests from 1 test suite ran. (0 ms total)
[  PASSED  ] 3 tests.
<end of output>
Test time =   0.00 sec
----------------------------------------------------------
Test Passed.
"LibraryTests" end time: Mar 31 02:08 EET
"LibraryTests" time elapsed: 00:00:00
----------------------------------------------------------

End testing: Mar 31 02:08 EET
